<?xml version="1.0" encoding="UTF-8"?>
<!-- Generated by org.testng.reporters.JUnitXMLReporter -->
<testsuite ignored="0" hostname="DESKTOP-3UJCT63" failures="0" tests="3" name="Test" time="107.333" errors="0" timestamp="2022-01-29T19:48:44 IST">
  <testcase classname="com.TestExecution.GMailLogginValidationTest" name="gMailLogginValidationTest001" time="35.065"/>
  <testcase classname="com.TestExecution.GMailLogginValidationTest" name="gMailLogginValidationTest002" time="25.876"/>
  <testcase classname="com.TestExecution.EbayProductValidation" name="gMailLogginValidationTest001" time="28.751"/>
</testsuite> <!-- Test -->
