<?xml version="1.0" encoding="UTF-8"?>
<testsuite xmlns:xsi="http://www.w3.org/2001/XMLSchema-instance" xsi:noNamespaceSchemaLocation="https://maven.apache.org/surefire/maven-surefire-plugin/xsd/surefire-test-report.xsd" name="TestSuite" time="67.945" tests="3" errors="0" skipped="0" failures="0">
  <properties>
[...]
</properties>
  <testcase name="gMailLogginValidationTest001" classname="com.TestExecution.GMailLogginValidationTest" time="15.529"/>
  <testcase name="gMailLogginValidationTest002" classname="com.TestExecution.GMailLogginValidationTest" time="9.869"/>
  <testcase name="eBayValidationTest001" classname="com.TestExecution.EbayProductValidationTest" time="23.541"/>
</testsuite>