<?xml version="1.0" encoding="UTF-8"?>
<!-- Generated by org.testng.reporters.JUnitXMLReporter -->
<testsuite ignored="0" hostname="DESKTOP-3UJCT63" failures="0" tests="3" name="Test" time="65.893" errors="0" timestamp="2022-01-29T21:59:22 IST">
  <testcase classname="com.TestExecution.GMailLogginValidationTest" name="gMailLogginValidationTest001" time="15.516"/>
  <testcase classname="com.TestExecution.GMailLogginValidationTest" name="gMailLogginValidationTest002" time="9.868"/>
  <testcase classname="com.TestExecution.EbayProductValidationTest" name="eBayValidationTest001" time="23.539"/>
</testsuite> <!-- Test -->
